<?xml version="1.0" encoding="UTF-8"?>
<!-- Generated by org.testng.reporters.JUnitReportReporter -->
<testsuite hostname="DELL-PC" failures="0" tests="7" name="com.demowebpage.testcases.TC_001_WEBSHOPDEMO" time="46.448" errors="0" timestamp="2020-09-29T17:24:38 IST" skipped="0">
  <testcase classname="com.demowebpage.testcases.TC_001_WEBSHOPDEMO" name="Login" time="7.108"/>
  <system-out/>
  <testcase classname="com.demowebpage.testcases.TC_001_WEBSHOPDEMO" name="submit" time="2.365"/>
  <system-out/>
  <testcase classname="com.demowebpage.testcases.TC_001_WEBSHOPDEMO" name="BooksLink" time="7.839"/>
  <system-out/>
  <testcase classname="com.demowebpage.testcases.TC_001_WEBSHOPDEMO" name="clickableshopcart" time="10.466"/>
  <system-out/>
  <testcase classname="com.demowebpage.testcases.TC_001_WEBSHOPDEMO" name="billing" time="6.244"/>
  <system-out/>
  <testcase classname="com.demowebpage.testcases.TC_001_WEBSHOPDEMO" name="shippingfinal" time="10.476"/>
  <system-out/>
  <testcase classname="com.demowebpage.testcases.TC_001_WEBSHOPDEMO" name="Logout" time="1.950"/>
  <system-out/>
</testsuite> <!-- com.demowebpage.testcases.TC_001_WEBSHOPDEMO -->
