<?xml version="1.0" encoding="UTF-8"?>
<!-- Generated by org.testng.reporters.JUnitReportReporter -->
<testsuite hostname="DELL-PC" failures="0" tests="7" name="com.enetbanking.testcases.TC_loginsubmit_002" time="39.921" errors="0" timestamp="2020-09-29T16:52:49 IST" skipped="0">
  <testcase classname="com.enetbanking.testcases.TC_loginsubmit_002" name="Login" time="7.308"/>
  <system-out/>
  <testcase classname="com.enetbanking.testcases.TC_loginsubmit_002" name="submit" time="2.106"/>
  <system-out/>
  <testcase classname="com.enetbanking.testcases.TC_loginsubmit_002" name="BooksLink" time="7.954"/>
  <system-out/>
  <testcase classname="com.enetbanking.testcases.TC_loginsubmit_002" name="clickableshopcart" time="4.673"/>
  <system-out/>
  <testcase classname="com.enetbanking.testcases.TC_loginsubmit_002" name="billing" time="5.652"/>
  <system-out/>
  <testcase classname="com.enetbanking.testcases.TC_loginsubmit_002" name="shippingfinal" time="10.153"/>
  <system-out/>
  <testcase classname="com.enetbanking.testcases.TC_loginsubmit_002" name="Logout" time="2.075"/>
  <system-out/>
</testsuite> <!-- com.enetbanking.testcases.TC_loginsubmit_002 -->
