<?xml version="1.0" encoding="UTF-8"?>
<!-- Generated by org.testng.reporters.JUnitReportReporter -->
<testsuite hostname="DELL-PC" failures="0" tests="7" name="com.enetbanking.testcases.TC_001_WEBSHOPDEMO" time="42.529" errors="0" timestamp="2020-09-29T17:18:46 IST" skipped="0">
  <testcase classname="com.enetbanking.testcases.TC_001_WEBSHOPDEMO" name="Login" time="6.910"/>
  <system-out/>
  <testcase classname="com.enetbanking.testcases.TC_001_WEBSHOPDEMO" name="submit" time="2.914"/>
  <system-out/>
  <testcase classname="com.enetbanking.testcases.TC_001_WEBSHOPDEMO" name="BooksLink" time="8.364"/>
  <system-out/>
  <testcase classname="com.enetbanking.testcases.TC_001_WEBSHOPDEMO" name="clickableshopcart" time="5.663"/>
  <system-out/>
  <testcase classname="com.enetbanking.testcases.TC_001_WEBSHOPDEMO" name="billing" time="6.174"/>
  <system-out/>
  <testcase classname="com.enetbanking.testcases.TC_001_WEBSHOPDEMO" name="shippingfinal" time="10.567"/>
  <system-out/>
  <testcase classname="com.enetbanking.testcases.TC_001_WEBSHOPDEMO" name="Logout" time="1.937"/>
  <system-out/>
</testsuite> <!-- com.enetbanking.testcases.TC_001_WEBSHOPDEMO -->
