<?xml version="1.0" encoding="UTF-8"?>
<!-- Generated by org.testng.reporters.JUnitReportReporter -->
<testsuite hostname="DELL-PC" failures="0" tests="1" name="com.enetbanking.testcases.TC_logintest_001" time="12.312" errors="0" timestamp="2020-09-28T20:14:15 IST" skipped="0">
  <testcase classname="com.enetbanking.testcases.TC_logintest_001" name="logintest" time="12.312"/>
  <system-out/>
</testsuite> <!-- com.enetbanking.testcases.TC_logintest_001 -->
